Using pre-set license
Built from '2020.3/china_unity/release' branch; Version is '2020.3.11f1c1 (77449f27ef9b) revision 7816351'; Using compiler version '192528614'; Build Type 'Release'
OS: 'Windows 10 Home China; OS build 19042.1052; Version 2009; 64bit' Language: 'zh' Physical Memory: 16263 MB
BatchMode: 1, IsHumanControllingUs: 0, StartBugReporterOnCrash: 0, Is64bit: 1, IsPro: 0

 COMMAND LINE ARGUMENTS:
C:\Program Files\Unity\Hub\Editor\2020.3.11f1c1\Editor\Unity.exe
-adb2
-batchMode
-noUpm
-name
AssetImportWorker0
-projectPath
F:/U3D/____MADE/3D_Learn_RPG/3D_RPG
-logFile
Logs/AssetImportWorker0.log
-srvPort
57171
Successfully changed project path to: F:/U3D/____MADE/3D_Learn_RPG/3D_RPG
F:/U3D/____MADE/3D_Learn_RPG/3D_RPG
Using Asset Import Pipeline V2.
Refreshing native plugins compatible for Editor in 147.34 ms, found 2 plugins.
Preloading 0 native plugins for Editor in 0.00 ms.
Initialize engine version: 2020.3.11f1c1 (77449f27ef9b)
[Subsystems] Discovering subsystems at path C:/Program Files/Unity/Hub/Editor/2020.3.11f1c1/Editor/Data/Resources/UnitySubsystems
[Subsystems] Discovering subsystems at path F:/U3D/____MADE/3D_Learn_RPG/3D_RPG/Assets
GfxDevice: creating device client; threaded=0
Direct3D:
    Version:  Direct3D 11.0 [level 11.1]
    Renderer: NVIDIA GeForce GTX 1660 Ti (ID=0x2191)
    Vendor:   
    VRAM:     5991 MB
    Driver:   26.21.14.4223
Shader 'Universal Render Pipeline/Particles/Lit': fallback shader 'Universal Render Pipeline/Particles/SimpleLit' not found
Initialize mono
Mono path[0] = 'C:/Program Files/Unity/Hub/Editor/2020.3.11f1c1/Editor/Data/Managed'
Mono path[1] = 'C:/Program Files/Unity/Hub/Editor/2020.3.11f1c1/Editor/Data/MonoBleedingEdge/lib/mono/unityjit'
Mono config path = 'C:/Program Files/Unity/Hub/Editor/2020.3.11f1c1/Editor/Data/MonoBleedingEdge/etc'
Using monoOptions --debugger-agent=transport=dt_socket,embedding=1,server=y,suspend=n,address=127.0.0.1:56856
Begin MonoManager ReloadAssembly
Registering precompiled unity dll's ...
Register platform support module: C:/Program Files/Unity/Hub/Editor/2020.3.11f1c1/Editor/Data/PlaybackEngines/WindowsStandaloneSupport/UnityEditor.WindowsStandalone.Extensions.dll
Registered in 0.006171 seconds.
Native extension for WindowsStandalone target not found
Refreshing native plugins compatible for Editor in 68.40 ms, found 2 plugins.
Preloading 0 native plugins for Editor in 0.00 ms.
Mono: successfully reloaded assembly
- Completed reload, in  3.743 seconds
Platform modules already initialized, skipping
Registering precompiled user dll's ...
Registered in 0.004713 seconds.
Begin MonoManager ReloadAssembly
Native extension for WindowsStandalone target not found
Refreshing native plugins compatible for Editor in 72.68 ms, found 2 plugins.
Preloading 0 native plugins for Editor in 0.00 ms.
Mono: successfully reloaded assembly
- Completed reload, in  1.898 seconds
Platform modules already initialized, skipping
========================================================================
Worker process is ready to serve import requests
Shader 'Universal Render Pipeline/Particles/Lit': fallback shader 'Universal Render Pipeline/Particles/SimpleLit' not found
Launched and connected shader compiler UnityShaderCompiler.exe after 0.08 seconds
Refreshing native plugins compatible for Editor in 1.06 ms, found 2 plugins.
Preloading 0 native plugins for Editor in 0.00 ms.
Unloading 2810 Unused Serialized files (Serialized files now loaded: 0)
System memory in use before: 130.1 MB.
System memory in use after: 130.3 MB.

Unloading 19 unused Assets to reduce memory usage. Loaded Objects now: 3245.
Total: 4.150100 ms (FindLiveObjects: 0.371500 ms CreateObjectMapping: 0.223300 ms MarkObjects: 3.414200 ms  DeleteObjects: 0.138900 ms)

========================================================================
Received Import Request.
  path: Assets/Samples/Polybrush/1.0.2
  artifactKey: Guid(8f55a1f529900384094552d17c97e803) Importer(815301076,1909f56bfc062723c751e8b465ee728b)
Start importing Assets/Samples/Polybrush/1.0.2 using Guid(8f55a1f529900384094552d17c97e803) Importer(815301076,1909f56bfc062723c751e8b465ee728b)  -> (artifact id: '9914f0a148da9677b30458051efb6a64') in 0.006747 seconds
  Import took 0.013294 seconds .

========================================================================
Received Import Request.
  Time since last request: 0.000307 seconds.
  path: Assets/Samples/Polybrush/1.0.2/Shader Examples (Universal RP)/Shader/Lit Texture Blend URP.ShaderGraph
  artifactKey: Guid(083d37bf70610e043a0935fbe736a55f) Importer(815301076,1909f56bfc062723c751e8b465ee728b)
Start importing Assets/Samples/Polybrush/1.0.2/Shader Examples (Universal RP)/Shader/Lit Texture Blend URP.ShaderGraph using Guid(083d37bf70610e043a0935fbe736a55f) Importer(815301076,1909f56bfc062723c751e8b465ee728b)  -> (artifact id: '4bba1d01aeaf35a6868cf1623e896207') in 0.039729 seconds
  Import took 0.045922 seconds .

========================================================================
Received Import Request.
  Time since last request: 0.000352 seconds.
  path: Assets/Samples/Polybrush/1.0.2/Shader Examples (Universal RP)/Shader
  artifactKey: Guid(fc88a32379efa1b4e81914cc7a28a35d) Importer(815301076,1909f56bfc062723c751e8b465ee728b)
Start importing Assets/Samples/Polybrush/1.0.2/Shader Examples (Universal RP)/Shader using Guid(fc88a32379efa1b4e81914cc7a28a35d) Importer(815301076,1909f56bfc062723c751e8b465ee728b)  -> (artifact id: '08016c2edc47bb08bc52e89252aed6a2') in 0.020441 seconds
  Import took 0.026596 seconds .

========================================================================
Received Import Request.
  Time since last request: 0.000398 seconds.
  path: Assets/Samples/Polybrush/1.0.2/Shader Examples (Universal RP)/Shader/Lit Vertex Color URP.ShaderGraph
  artifactKey: Guid(58f77a5b5b5fdf0439bb3d7045541cbc) Importer(815301076,1909f56bfc062723c751e8b465ee728b)
Start importing Assets/Samples/Polybrush/1.0.2/Shader Examples (Universal RP)/Shader/Lit Vertex Color URP.ShaderGraph using Guid(58f77a5b5b5fdf0439bb3d7045541cbc) Importer(815301076,1909f56bfc062723c751e8b465ee728b)  -> (artifact id: 'e12633ac07fba9bccc5657063688333e') in 0.002883 seconds
  Import took 0.009330 seconds .

========================================================================
Received Import Request.
  Time since last request: 0.000427 seconds.
  path: Assets/Samples/Polybrush/1.0.2/Shader Examples (Universal RP)
  artifactKey: Guid(b52ade091e6d0a9419744faf38b5a8dc) Importer(815301076,1909f56bfc062723c751e8b465ee728b)
Start importing Assets/Samples/Polybrush/1.0.2/Shader Examples (Universal RP) using Guid(b52ade091e6d0a9419744faf38b5a8dc) Importer(815301076,1909f56bfc062723c751e8b465ee728b)  -> (artifact id: 'fea6abeb08be89bc76c774f50aab7b22') in 0.002461 seconds
  Import took 0.010466 seconds .

========================================================================
Received Import Request.
  Time since last request: 6229.113881 seconds.
  path: Assets/Samples/Polybrush/1.0.2/Shader Examples (Universal RP)/Shader/Polybrush_Universal Render Pipeline_Lit Vertex Color URP.mat
  artifactKey: Guid(7abca709b2e7ad843af5b15a6684658f) Importer(815301076,1909f56bfc062723c751e8b465ee728b)
Start importing Assets/Samples/Polybrush/1.0.2/Shader Examples (Universal RP)/Shader/Polybrush_Universal Render Pipeline_Lit Vertex Color URP.mat using Guid(7abca709b2e7ad843af5b15a6684658f) Importer(815301076,1909f56bfc062723c751e8b465ee728b)  -> (artifact id: '315a709ad20f004675ae4101d305e227') in 0.619025 seconds
  Import took 0.635151 seconds .

========================================================================
Received Prepare
Registering precompiled user dll's ...
Registered in 0.009058 seconds.
Begin MonoManager ReloadAssembly
Native extension for WindowsStandalone target not found
Refreshing native plugins compatible for Editor in 0.69 ms, found 2 plugins.
Preloading 0 native plugins for Editor in 0.00 ms.
Warning: Annotation not found!
UnityEngine.StackTraceUtility:ExtractStackTrace ()
UnityEditor.ProBuilder.EditorUtility:SetGizmoIconEnabled (System.Type,bool) (at Library/PackageCache/com.unity.probuilder@4.5.0/Editor/EditorCore/EditorUtility.cs:593)
UnityEditor.ProBuilder.HierarchyListener:.cctor () (at Library/PackageCache/com.unity.probuilder@4.5.0/Editor/EditorCore/HierarchyListener.cs:21)
System.Runtime.CompilerServices.RuntimeHelpers:RunClassConstructor (System.RuntimeTypeHandle)
UnityEditor.EditorAssemblies:ProcessInitializeOnLoadAttributes (System.Type[])

[Library/PackageCache/com.unity.probuilder@4.5.0/Editor/EditorCore/EditorUtility.cs line 593]

Mono: successfully reloaded assembly
- Completed reload, in  1.822 seconds
Platform modules already initialized, skipping
Shader 'Universal Render Pipeline/Particles/Lit': fallback shader 'Universal Render Pipeline/Particles/SimpleLit' not found
Refreshing native plugins compatible for Editor in 0.76 ms, found 2 plugins.
Preloading 0 native plugins for Editor in 0.00 ms.
Unloading 3042 Unused Serialized files (Serialized files now loaded: 0)
System memory in use before: 142.3 MB.
System memory in use after: 140.4 MB.

Unloading 40 unused Assets to reduce memory usage. Loaded Objects now: 3652.
Total: 5.558800 ms (FindLiveObjects: 0.333300 ms CreateObjectMapping: 0.196400 ms MarkObjects: 3.316900 ms  DeleteObjects: 1.710600 ms)

AssetImportWorkerClient::OnTransportError - code=2 error=End of file
